<?xml version="1.0" encoding="UTF-8" standalone="yes"?>
<ns2:test-suite xmlns:ns2="urn:model.allure.qatools.yandex.ru" start="1486676109811" stop="1486676341625" version="1.4.0">
    <name>VillagePrint Site Test Suite</name>
    <test-cases>
        <test-case start="1486676127848" stop="1486676127913" status="passed">
            <name>verifyLogoIsDisplayed</name>
            <steps/>
            <attachments/>
            <labels/>
        </test-case>
        <test-case start="1486676143683" stop="1486676146118" status="passed">
            <name>verifyCitySelection</name>
            <steps/>
            <attachments/>
            <labels/>
        </test-case>
        <test-case start="1486676162371" stop="1486676162432" status="passed">
            <name>verifyShowtimesTabIsLink</name>
            <steps/>
            <attachments/>
            <labels/>
        </test-case>
        <test-case start="1486676178933" stop="1486676181384" status="passed">
            <name>verifyShowtimesTabRedirectsToCorrectPage</name>
            <steps/>
            <attachments/>
            <labels/>
        </test-case>
        <test-case start="1486676196622" stop="1486676196668" status="passed">
            <name>verifyLoginLinkIsDisplayed</name>
            <steps/>
            <attachments/>
            <labels/>
        </test-case>
        <test-case start="1486676212113" stop="1486676212157" status="passed">
            <name>verifyLoginLinkRedirectsToCorrectPage</name>
            <steps/>
            <attachments/>
            <labels/>
        </test-case>
        <test-case start="1486676227641" stop="1486676227698" status="passed">
            <name>verifyMoviesTabIsLink</name>
            <steps/>
            <attachments/>
            <labels/>
        </test-case>
        <test-case start="1486676243136" stop="1486676246018" status="passed">
            <name>verifyMoviesTabRedirectsToCorrectPage</name>
            <steps/>
            <attachments/>
            <labels/>
        </test-case>
        <test-case start="1486676262666" stop="1486676265453" status="passed">
            <name>verifyReluxTabRedirectsToCorrectPage</name>
            <steps/>
            <attachments/>
            <labels/>
        </test-case>
        <test-case start="1486676281560" stop="1486676284412" status="passed">
            <name>verifyUserLoginSuccess</name>
            <steps/>
            <attachments/>
            <labels/>
        </test-case>
        <test-case start="1486676299821" stop="1486676302030" status="passed">
            <name>verifyUserLoginFail</name>
            <steps/>
            <attachments/>
            <labels/>
        </test-case>
        <test-case start="1486676318825" stop="1486676320181" status="passed">
            <name>verifyRegisterBtn</name>
            <steps/>
            <attachments/>
            <labels/>
        </test-case>
        <test-case start="1486676338695" stop="1486676340501" status="failed">
            <name>verifyLoginPgDecs</name>
            <failure>
                <message>AssertionError: Paragraph2 of login page desc is incorrect: expected [Якщо ти не знаєш пароль, пройди процедуру] but found [Якщо ти не пам’ятаєш e-mail або номер телефону, звернись до нашого Контакт Центру:]</message>
                <stack-trace>java.lang.AssertionError: Paragraph2 of login page desc is incorrect: expected [Якщо ти не знаєш пароль, пройди процедуру] but found [Якщо ти не пам’ятаєш e-mail або номер телефону, звернись до нашого Контакт Центру:]
	at org.testng.Assert.fail(Assert.java:94)
	at org.testng.Assert.failNotEquals(Assert.java:496)
	at org.testng.Assert.assertEquals(Assert.java:125)
	at org.testng.Assert.assertEquals(Assert.java:178)
	at pageobject.test.LoginTest.verifyLoginPgDecs(LoginTest.java:40)
	at sun.reflect.NativeMethodAccessorImpl.invoke0(Native Method)
	at sun.reflect.NativeMethodAccessorImpl.invoke(NativeMethodAccessorImpl.java:62)
	at sun.reflect.DelegatingMethodAccessorImpl.invoke(DelegatingMethodAccessorImpl.java:43)
	at java.lang.reflect.Method.invoke(Method.java:498)
	at org.testng.internal.MethodInvocationHelper.invokeMethod(MethodInvocationHelper.java:85)
	at org.testng.internal.Invoker.invokeMethod(Invoker.java:639)
	at org.testng.internal.Invoker.invokeTestMethod(Invoker.java:816)
	at org.testng.internal.Invoker.invokeTestMethods(Invoker.java:1124)
	at org.testng.internal.TestMethodWorker.invokeTestMethods(TestMethodWorker.java:125)
	at org.testng.internal.TestMethodWorker.run(TestMethodWorker.java:108)
	at org.testng.TestRunner.privateRun(TestRunner.java:774)
	at org.testng.TestRunner.run(TestRunner.java:624)
	at org.testng.SuiteRunner.runTest(SuiteRunner.java:359)
	at org.testng.SuiteRunner.runSequentially(SuiteRunner.java:354)
	at org.testng.SuiteRunner.privateRun(SuiteRunner.java:312)
	at org.testng.SuiteRunner.run(SuiteRunner.java:261)
	at org.testng.SuiteRunnerWorker.runSuite(SuiteRunnerWorker.java:52)
	at org.testng.SuiteRunnerWorker.run(SuiteRunnerWorker.java:86)
	at org.testng.TestNG.runSuitesSequentially(TestNG.java:1191)
	at org.testng.TestNG.runSuitesLocally(TestNG.java:1116)
	at org.testng.TestNG.run(TestNG.java:1024)
	at org.testng.IDEARemoteTestNG.run(IDEARemoteTestNG.java:72)
	at org.testng.RemoteTestNGStarter.main(RemoteTestNGStarter.java:124)
	at sun.reflect.NativeMethodAccessorImpl.invoke0(Native Method)
	at sun.reflect.NativeMethodAccessorImpl.invoke(NativeMethodAccessorImpl.java:62)
	at sun.reflect.DelegatingMethodAccessorImpl.invoke(DelegatingMethodAccessorImpl.java:43)
	at java.lang.reflect.Method.invoke(Method.java:498)
	at com.intellij.rt.execution.application.AppMain.main(AppMain.java:147)
</stack-trace>
            </failure>
            <steps/>
            <attachments/>
            <labels/>
        </test-case>
    </test-cases>
    <labels>
        <label name="framework" value="TestNG"/>
        <label name="feature" value="VPTestSuiteChrome"/>
        <label name="language" value="JAVA"/>
    </labels>
</ns2:test-suite>
