<?xml version="1.0" encoding="UTF-8" standalone="yes"?>
<ns2:test-suite xmlns:ns2="urn:model.allure.qatools.yandex.ru" start="1486840436579" stop="1486840631441" version="1.4.0">
    <name>VillagePrint Site Test Suite</name>
    <test-cases>
        <test-case start="1486840453578" stop="1486840453649" status="passed">
            <name>verifyLogoIsDisplayed</name>
            <steps/>
            <attachments/>
            <labels/>
        </test-case>
        <test-case start="1486840470164" stop="1486840472782" status="passed">
            <name>verifyCitySelection</name>
            <steps/>
            <attachments/>
            <labels/>
        </test-case>
        <test-case start="1486840489017" stop="1486840489103" status="passed">
            <name>verifyShowtimesTabIsLink</name>
            <steps/>
            <attachments/>
            <labels/>
        </test-case>
        <test-case start="1486840506074" stop="1486840509390" status="passed">
            <name>verifyShowtimesTabRedirectsToCorrectPage</name>
            <steps/>
            <attachments/>
            <labels/>
        </test-case>
        <test-case start="1486840525959" stop="1486840526009" status="passed">
            <name>verifyLoginLinkIsDisplayed</name>
            <steps/>
            <attachments/>
            <labels/>
        </test-case>
        <test-case start="1486840542640" stop="1486840542722" status="passed">
            <name>verifyLoginLinkRedirectsToCorrectPage</name>
            <steps/>
            <attachments/>
            <labels/>
        </test-case>
        <test-case start="1486840559945" stop="1486840560078" status="passed">
            <name>verifyMoviesTabIsLink</name>
            <steps/>
            <attachments/>
            <labels/>
        </test-case>
        <test-case start="1486840578884" stop="1486840582512" status="passed">
            <name>verifyMoviesTabRedirectsToCorrectPage</name>
            <steps/>
            <attachments/>
            <labels/>
        </test-case>
        <test-case start="1486840600120" stop="1486840608878" status="passed">
            <name>verifyReluxTabRedirectsToCorrectPage</name>
            <steps/>
            <attachments/>
            <labels/>
        </test-case>
        <test-case start="1486840629291" stop="1486840629590" status="failed">
            <name>verifyAddonMenuList</name>
            <failure>
                <message>AssertionError: Addon list is incorrect: expected [asfag] but found [[[[[[ChromeDriver: chrome on XP (a9ac3deff91ec71701497d8fbd48db0d)] -&gt; xpath: .//*[@id='bs-example-navbar-collapse-1']/ul/li[8]/ul]] -&gt; tag name: li], [[[[ChromeDriver: chrome on XP (a9ac3deff91ec71701497d8fbd48db0d)] -&gt; xpath: .//*[@id='bs-example-navbar-collapse-1']/ul/li[8]/ul]] -&gt; tag name: li], [[[[ChromeDriver: chrome on XP (a9ac3deff91ec71701497d8fbd48db0d)] -&gt; xpath: .//*[@id='bs-example-navbar-collapse-1']/ul/li[8]/ul]] -&gt; tag name: li], [[[[ChromeDriver: chrome on XP (a9ac3deff91ec71701497d8fbd48db0d)] -&gt; xpath: .//*[@id='bs-example-navbar-collapse-1']/ul/li[8]/ul]] -&gt; tag name: li], [[[[ChromeDriver: chrome on XP (a9ac3deff91ec71701497d8fbd48db0d)] -&gt; xpath: .//*[@id='bs-example-navbar-collapse-1']/ul/li[8]/ul]] -&gt; tag name: li], [[[[ChromeDriver: chrome on XP (a9ac3deff91ec71701497d8fbd48db0d)] -&gt; xpath: .//*[@id='bs-example-navbar-collapse-1']/ul/li[8]/ul]] -&gt; tag name: li], [[[[ChromeDriver: chrome on XP (a9ac3deff91ec71701497d8fbd48db0d)] -&gt; xpath: .//*[@id='bs-example-navbar-collapse-1']/ul/li[8]/ul]] -&gt; tag name: li], [[[[ChromeDriver: chrome on XP (a9ac3deff91ec71701497d8fbd48db0d)] -&gt; xpath: .//*[@id='bs-example-navbar-collapse-1']/ul/li[8]/ul]] -&gt; tag name: li]]]</message>
                <stack-trace>java.lang.AssertionError: Addon list is incorrect: expected [asfag] but found [[[[[[ChromeDriver: chrome on XP (a9ac3deff91ec71701497d8fbd48db0d)] -&gt; xpath: .//*[@id='bs-example-navbar-collapse-1']/ul/li[8]/ul]] -&gt; tag name: li], [[[[ChromeDriver: chrome on XP (a9ac3deff91ec71701497d8fbd48db0d)] -&gt; xpath: .//*[@id='bs-example-navbar-collapse-1']/ul/li[8]/ul]] -&gt; tag name: li], [[[[ChromeDriver: chrome on XP (a9ac3deff91ec71701497d8fbd48db0d)] -&gt; xpath: .//*[@id='bs-example-navbar-collapse-1']/ul/li[8]/ul]] -&gt; tag name: li], [[[[ChromeDriver: chrome on XP (a9ac3deff91ec71701497d8fbd48db0d)] -&gt; xpath: .//*[@id='bs-example-navbar-collapse-1']/ul/li[8]/ul]] -&gt; tag name: li], [[[[ChromeDriver: chrome on XP (a9ac3deff91ec71701497d8fbd48db0d)] -&gt; xpath: .//*[@id='bs-example-navbar-collapse-1']/ul/li[8]/ul]] -&gt; tag name: li], [[[[ChromeDriver: chrome on XP (a9ac3deff91ec71701497d8fbd48db0d)] -&gt; xpath: .//*[@id='bs-example-navbar-collapse-1']/ul/li[8]/ul]] -&gt; tag name: li], [[[[ChromeDriver: chrome on XP (a9ac3deff91ec71701497d8fbd48db0d)] -&gt; xpath: .//*[@id='bs-example-navbar-collapse-1']/ul/li[8]/ul]] -&gt; tag name: li], [[[[ChromeDriver: chrome on XP (a9ac3deff91ec71701497d8fbd48db0d)] -&gt; xpath: .//*[@id='bs-example-navbar-collapse-1']/ul/li[8]/ul]] -&gt; tag name: li]]]
	at org.testng.Assert.fail(Assert.java:94)
	at org.testng.Assert.failNotEquals(Assert.java:496)
	at org.testng.Assert.assertEquals(Assert.java:125)
	at pageobject.test.HeaderTest.verifyAddonMenuList(HeaderTest.java:75)
	at sun.reflect.NativeMethodAccessorImpl.invoke0(Native Method)
	at sun.reflect.NativeMethodAccessorImpl.invoke(NativeMethodAccessorImpl.java:62)
	at sun.reflect.DelegatingMethodAccessorImpl.invoke(DelegatingMethodAccessorImpl.java:43)
	at java.lang.reflect.Method.invoke(Method.java:498)
	at org.testng.internal.MethodInvocationHelper.invokeMethod(MethodInvocationHelper.java:85)
	at org.testng.internal.Invoker.invokeMethod(Invoker.java:639)
	at org.testng.internal.Invoker.invokeTestMethod(Invoker.java:816)
	at org.testng.internal.Invoker.invokeTestMethods(Invoker.java:1124)
	at org.testng.internal.TestMethodWorker.invokeTestMethods(TestMethodWorker.java:125)
	at org.testng.internal.TestMethodWorker.run(TestMethodWorker.java:108)
	at org.testng.TestRunner.privateRun(TestRunner.java:774)
	at org.testng.TestRunner.run(TestRunner.java:624)
	at org.testng.SuiteRunner.runTest(SuiteRunner.java:359)
	at org.testng.SuiteRunner.runSequentially(SuiteRunner.java:354)
	at org.testng.SuiteRunner.privateRun(SuiteRunner.java:312)
	at org.testng.SuiteRunner.run(SuiteRunner.java:261)
	at org.testng.SuiteRunnerWorker.runSuite(SuiteRunnerWorker.java:52)
	at org.testng.SuiteRunnerWorker.run(SuiteRunnerWorker.java:86)
	at org.testng.TestNG.runSuitesSequentially(TestNG.java:1191)
	at org.testng.TestNG.runSuitesLocally(TestNG.java:1116)
	at org.testng.TestNG.run(TestNG.java:1024)
	at org.testng.IDEARemoteTestNG.run(IDEARemoteTestNG.java:72)
	at org.testng.RemoteTestNGStarter.main(RemoteTestNGStarter.java:124)
	at sun.reflect.NativeMethodAccessorImpl.invoke0(Native Method)
	at sun.reflect.NativeMethodAccessorImpl.invoke(NativeMethodAccessorImpl.java:62)
	at sun.reflect.DelegatingMethodAccessorImpl.invoke(DelegatingMethodAccessorImpl.java:43)
	at java.lang.reflect.Method.invoke(Method.java:498)
	at com.intellij.rt.execution.application.AppMain.main(AppMain.java:147)
</stack-trace>
            </failure>
            <steps/>
            <attachments/>
            <labels/>
        </test-case>
    </test-cases>
    <labels>
        <label name="framework" value="TestNG"/>
        <label name="feature" value="VPTestSuiteChrome"/>
        <label name="language" value="JAVA"/>
    </labels>
</ns2:test-suite>
